 --- BIN FILE READ: ../../COSY
   9646 INCLUDE '../../COSY';
   9647   PROCEDURE RUN ;
   9648     VARIABLE B1N 1 7;
   9649     VARIABLE B1S1 1 7;
   9650     VARIABLE B1S2 1 7;
   9651     VARIABLE B2S1 1 7;
   9652     VARIABLE B2S2 1 7;
   9653     VARIABLE B3S1 1 7;
   9654     VARIABLE B3S2 1 7;
   9655     VARIABLE B4S1 1 7;
   9656     VARIABLE B4S2 1 7;
   9657     VARIABLE B5S1 1 7;
   9658     VARIABLE B5S2 1 7;
   9659     VARIABLE B6S1 1 7;
   9660     VARIABLE B6S2 1 7;
   9661     VARIABLE B7S1 1 7;
   9662     VARIABLE B7S2 1 7;
   9663     VARIABLE B8S1 1 7;
   9664     VARIABLE B8S2 1 7;
   9665     VARIABLE NE1 1 4;
   9666     VARIABLE NM1 1 4;
   9667     VARIABLE WV 1;
   9668     VARIABLE WW 1 2;
   9669     VARIABLE CENTER 1;
   9670     VARIABLE NMAX 1;
   9671     VARIABLE XX 1;
   9672     VARIABLE AX 1;
   9673     VARIABLE YY 1;
   9674     VARIABLE AY 1;
   9675     VARIABLE DE 1;
   9676     VARIABLE MAPINDEX 1;
   9677     VARIABLE SRXX 1;
   9678     VARIABLE SRAX 1;
   9679     VARIABLE SRYY 1;
   9680     VARIABLE SRAY 1;
   9681     VARIABLE SRDE 1;
   9682     VARIABLE MRESOL_P1 1;
   9683     VARIABLE MRESOL_P3 1;
   9684     VARIABLE NX 1;
   9685     VARIABLE NA 1;
   9686     VARIABLE NY 1;
   9687     VARIABLE NB 1;
   9688     VARIABLE NE 1;
   9689     VARIABLE NE2 1 4;
   9690     VARIABLE N1 1;
   9691     VARIABLE N2 1;
   9692     VARIABLE N3 1;
   9693     VARIABLE N4 1;
   9694     VARIABLE N5 1;
   9695     VARIABLE READPARA 1;
   9696     VARIABLE CANONICAL_RIGIDITY 1;
   9697     VARIABLE SC 1;
   9698     VARIABLE MISALIGN 1;
   9699     VARIABLE WF1R 1;
   9700     VARIABLE WF2R 1;
   9701     VARIABLE WF1ON 1;
   9702     VARIABLE WF2ON 1;
   9703     VARIABLE Q1  1;
   9704     VARIABLE Q1H 1;
   9705     VARIABLE Q2  1;
   9706     VARIABLE H1  1;
   9707     VARIABLE Q3  1;
   9708     VARIABLE Q4  1;
   9709     VARIABLE Q5  1;
   9710     VARIABLE H2  1;
   9711     VARIABLE Q6  1;
   9712     VARIABLE Q7  1;
   9713     VARIABLE H3  1;
   9714     VARIABLE O1  1;
   9715     VARIABLE Q8  1;
   9716     VARIABLE Q9  1;
   9717     VARIABLE Q10 1;
   9718     VARIABLE Q11 1;
   9719     VARIABLE Q12 1;
   9720     VARIABLE Q13 1;
   9721     VARIABLE Q14 1;
   9722     VARIABLE Q15 1;
   9723     VARIABLE TESTFP1 1;
   9724     VARIABLE TESTFP2 1;
   9725     VARIABLE TESTFP3 1;
   9726     VARIABLE TESTDSSD 1;
   9727     PROCEDURE SETEFB;
   9728       NE1(1) := 0;
   9729       NE1(2) := -0.01;
   9730       NE1(3) := 0;
   9731       NE1(4) := 11.;
   9732       NE2(1) := 0.0019;
   9733       NE2(2) := -0.04;
   9734       NE2(3) := 0;
   9735       NE2(4) := 11 ;
   9736       NM1(1) := 0;
   9737       NM1(2) := 0.033;
   9738       NM1(3) := 0;
   9739       NM1(4) := -3.8;
   9740       B1S1(1):=0.189;
   9741       B1S1(2):=0.0115;
   9742       B1S1(3):=0.2438;
   9743       B1S1(4):=0.9504;
   9744       B1S2(1):=0.1504;
   9745       B1S2(2):=-0.0278;
   9746       B1S2(3):=0.1095;
   9747       B1S2(4):=0.8070;
   9748       B2S1(1):=0.115;
   9749       B2S1(2):=0.0083;
   9750       B2S1(3):=0.180;
   9751       B2S1(4):=-40.15;
   9752       B2S2(1):=0.115;
   9753       B2S2(2):=-0.2499;
   9754       B2S2(3):=1.430;
   9755       B2S2(4):=38.34;
   9756       B3S1(1):=0.190;
   9757       B3S1(2):=1.0541;
   9758       B3S1(3):=-9.475;
   9759       B3S1(4):=5.54;
   9760       B3S2(1):=0.115;
   9761       B3S2(2):=-0.0499;
   9762       B3S2(3):=34.09;
   9763       B3S2(4):=52.87;
   9764       B4S1(1):=0.191;
   9765       B4S1(2):=-0.3390;
   9766       B4S1(3):=-5.464;
   9767       B4S1(4):=0.70;
   9768       B4S2(1):=0.190;
   9769       B4S2(2):=-0.0287;
   9770       B4S2(3):=-0.332;
   9771       B4S2(4):=0.08;
   9772       B5S1(1):=0.189;
   9773       B5S1(2):=0.712;
   9774       B5S1(3):=-0.825;
   9775       B5S1(4):=-53.36;
   9776       B5S2(1):=-0.180;
   9777       B5S2(2):=-5.549;
   9778       B5S2(3):=3.288;
   9779       B5S2(4):=28.82;
   9780       B6S1(1):=0.198;
   9781       B6S1(2):=0.023;
   9782       B6S1(3):=-0.227;
   9783       B6S1(4):=1.02;
   9784       B6S2(1):=0.203;
   9785       B6S2(2):=-4.13;
   9786       B6S2(3):=67.40;
   9787       B6S2(4):=52.95;
   9788       B7S1(1):=0;
   9789       B7S1(2):=0.0115;
   9790       B7S1(3):=0.066;
   9791       B7S1(4):=3.44;
   9792       B7S2(1):=0;
   9793       B7S2(2):=0.0228;
   9794       B7S2(3):=0.036;
   9795       B7S2(4):=-1.02;
   9796       B8S1(1):=0;
   9797       B8S1(2):=0.0115;
   9798       B8S1(3):=0.066;
   9799       B8S1(4):=3.44;
   9800       B8S2(1):=0;
   9801       B8S2(2):=0.0228;
   9802       B8S2(3):=0.036;
   9803       B8S2(4):=-1.02;
   9804       ENDPROCEDURE;
   9805     PROCEDURE WMI;
   9806       WM MAPINDEX; %WM: 1538
   9807       MAPINDEX := MAPINDEX + 1;
   9808       UM; %UM: 1433
   9809       ENDPROCEDURE;
   9810     PROCEDURE RECOIL_BL;
   9811       IF (TESTFP1=1);
   9812         FR 3; %FR: 5390
   9813         DL 0.799906; %DL: 6515
   9814         IF (MISALIGN=1);
   9815           TA -0.0212 0.0070; %TA: 8997
   9816           RA 0.0019; %RA: 9038
   9817           SA 0.000028 0.000074; %SA: 8988
   9818           ENDIF;
   9819         M5 0.250 Q1*SC Q1H*SC 0 -0.00318*Q1*SC 0 0.055; %M5: 7175
   9820         IF (MISALIGN=1);
   9821           SA -0.000028 -0.000074; %SA: 8988
   9822           RA -0.0019; %RA: 9038
   9823           TA 0.0212 -0.0070; %TA: 8997
   9824           ENDIF;
   9825         WMI; %WMI: 9805
   9826         DL 0.191104; %DL: 6515
   9827         IF (MISALIGN=1);
   9828           TA 0.0119 0.0072; %TA: 8997
   9829           RA 0.0038; %RA: 9038
   9830           SA 0.00002 0.000005; %SA: 8988
   9831           ENDIF;
   9832         MQ 0.2979 Q2*SC*1.0 0.068; %MQ: 7032
   9833         IF (MISALIGN=1);
   9834           SA -0.00002 -0.000005; %SA: 8988
   9835           RA -0.0038; %RA: 9038
   9836           TA -0.0119 -0.0072; %TA: 8997
   9837           ENDIF;
   9838         DL 0.580965/2 ; %DL: 6515
   9839         OPENF 18 'output.txt' 'unknown';
   9840         WRITE 18 '***FC1485***';
   9841         WRITE 18 'Image size X =' RAY(1);
   9842         WRITE 18 'Image size Y =' RAY(3);
   9843         DL 0.580965/2 ; %DL: 6515
   9844         IF (MISALIGN=1);
   9845           TA 0.0094 0.0108; %TA: 8997
   9846           RA 0.0058; %RA: 9038
   9847           SA -0.000036 0.000112; %SA: 8988
   9848           ENDIF;
   9849         MC 1.25 22.51145 0.030 B1N B1S1 B1S2 7; %MC: 7762
   9850         IF (MISALIGN=1);
   9851           SA 0.000036 -0.000112; %SA: 8988
   9852           RA -0.0058; %RA: 9038
   9853           TA -0.0094 -0.0108; %TA: 8997
   9854           ENDIF;
   9855         DL 0.999742 ; %DL: 6515
   9856         IF (MISALIGN=1);
   9857           TA 0.0044 0.0044; %TA: 8997
   9858           RA 0.0012; %RA: 9038
   9859           SA -0.000007 0.000147; %SA: 8988
   9860           ENDIF;
   9861         MC 1.25 22.5121 0.030 B1N B2S1 B2S2 7; %MC: 7762
   9862         IF (MISALIGN=1);
   9863           SA 0.000007 0.000147; %SA: 8988
   9864           RA -0.0012; %RA: 9038
   9865           TA -0.0044 -0.0044; %TA: 8997
   9866           ENDIF;
   9867         DL 0.769867; %DL: 6515
   9868         DL 0.399973; %DL: 6515
   9869         IF (MISALIGN=1);
   9870           TA -0.0165 0.0048; %TA: 8997
   9871           RA -0.0055; %RA: 9038
   9872           SA 0.000011 0.00002; %SA: 8988
   9873           ENDIF;
   9874         MH 0.26 H1*SC 0.11; %MH: 7109
   9875         IF (MISALIGN=1);
   9876           TA 0.0165 -0.0048; %TA: 8997
   9877           RA 0.0055; %RA: 9038
   9878           SA -0.000011 -0.00002; %SA: 8988
   9879           ENDIF;
   9880         DL 0.270114; %DL: 6515
   9881         IF (MISALIGN=1);
   9882           TA -0.0147 -0.0009; %TA: 8997
   9883           RA 0.0037; %RA: 9038
   9884           SA 0.000003 -0.000002; %SA: 8988
   9885           ENDIF;
   9886         MQ 0.3499 Q3*SC 0.11; %MQ: 7032
   9887         IF (MISALIGN=1);
   9888           TA 0.0147 0.0009; %TA: 8997
   9889           RA -0.0037; %RA: 9038
   9890           SA -0.000003 0.000002; %SA: 8988
   9891           ENDIF;
   9892         DL 0.351643; %DL: 6515
   9893         IF (MISALIGN=1);
   9894           TA 0.0168 0.0040; %TA: 8997
   9895           RA 0.0054; %RA: 9038
   9896           SA -0.000047 -0.000002; %SA: 8988
   9897           ENDIF;
   9898         M5 0.3467 Q4*SC 0 0 0 0 0.08; %M5: 7175
   9899         IF (MISALIGN=1);
   9900           TA -0.0168 -0.0040; %TA: 8997
   9901           RA -0.0054; %RA: 9038
   9902           SA 0.000047 0.000002; %SA: 8988
   9903           ENDIF;
   9904         DL 0.213339; %DL: 6515
   9905         IF (MISALIGN=1);
   9906           TA -0.0367 -0.0012; %TA: 8997
   9907           RA 0.0223; %RA: 9038
   9908           SA -0.000012 -0.000005; %SA: 8988
   9909           ENDIF;
   9910         MQ 0.3466 Q5*SC 0.06; %MQ: 7032
   9911         IF (MISALIGN=1);
   9912           TA 0.0367 0.0012; %TA: 8997
   9913           RA -0.0223; %RA: 9038
   9914           SA 0.000012 0.000005; %SA: 8988
   9915           ENDIF;
   9916         DL 0.146731 ; %DL: 6515
   9917         PS 0.01; %PS: 6527
   9918         WRITE 18 '***FP1***';
   9919         WRITE 18 'Image size FP1 X =' RAY(1);
   9920         WRITE 18 'Image size FP1 Y =' RAY(3);
   9921         ELSEIF 1=1;
   9922         ENDIF;
   9923       IF (TESTFP2=1);
   9924         DL 0.185 ; %DL: 6515
   9925         DL 0.16965 ; %DL: 6515
   9926         MC 1.25 22.5321 0.05 B1N B3S1 B3S2 7; %MC: 7762
   9927         DL 0.50685; %DL: 6515
   9928         MC 1.25 22.5807 0.05 B1N B4S1 B4S2 7; %MC: 7762
   9929         DL 0.299023 ; %DL: 6515
   9930         IF (MISALIGN=1);
   9931           TA -0.0198 -0.0103; %TA: 8997
   9932           RA -0.0121; %RA: 9038
   9933           SA -0.000028 -0.000023; %SA: 8988
   9934           ENDIF;
   9935         M5 0.26 0 H2*SC 0 0 0 0.12; %M5: 7175
   9936         IF (MISALIGN=1);
   9937           TA 0.0198 0.0103; %TA: 8997
   9938           RA 0.0121; %RA: 9038
   9939           SA 0.000028 0.000023; %SA: 8988
   9940           ENDIF;
   9941         DL 0.270097; %DL: 6515
   9942         DL 0.270107; %DL: 6515
   9943         IF (MISALIGN=1);
   9944           TA 0.0068 -0.0021; %TA: 8997
   9945           RA 0.0016; %RA: 9038
   9946           SA -0.000035 0.000012; %SA: 8988
   9947           ENDIF;
   9948         MQ 0.3398 Q6*SC 0.14; %MQ: 7032
   9949         IF (MISALIGN=1);
   9950           TA -0.0068 0.0021; %TA: 8997
   9951           RA -0.0016; %RA: 9038
   9952           SA 0.000035 -0.000012; %SA: 8988
   9953           ENDIF;
   9954         DL 0.200109 ; %DL: 6515
   9955         IF (MISALIGN=1);
   9956           TA 0.0013 0.0096; %TA: 8997
   9957           RA 0.0039; %RA: 9038
   9958           SA -0.000028 0.00005; %SA: 8988
   9959           ENDIF;
   9960         MQ 0.3401 Q7*SC 0.13 ; %MQ: 7032
   9961         IF (MISALIGN=1);
   9962           TA -0.0013 -0.0096; %TA: 8997
   9963           RA -0.0039; %RA: 9038
   9964           SA 0.000028 -0.00005; %SA: 8988
   9965           ENDIF;
   9966         DL 0.499884 ; %DL: 6515
   9967         FC 1 1 1 -0.16 1.603 -0.0105 0.015 -0.0226 0.0038; %FC:  674
   9968         FC 1 2 1 -0.16 1.603 -0.0105 0.015 -0.0226 0.0038; %FC:  674
   9969         FC 1 1 2 -0.167 1.874 0.246 -0.052 0.0142 0.066; %FC:  674
   9970         FC 1 2 2 -0.167 1.874 0.246 -0.052 0.0142 0.066; %FC:  674
   9971         IF (WF1ON=1);
   9972           CB; %CB: 6982
   9973           WC WF1R WF1R 2.365 0.11 NE1 NM1 4 ; %WC: 8510
   9974           CB; %CB: 6982
   9975           ELSEIF 1=1;
   9976           DL 2.365; %DL: 6515
   9977           ENDIF;
   9978         FD; %FD:  864
   9979         FR 3; %FR: 5390
   9980         DL 0.500088; %DL: 6515
   9981         IF (MISALIGN=1);
   9982           TA 0.0118 0.0081; %TA: 8997
   9983           RA 0.0001; %RA: 9038
   9984           SA 0.000028 0.000003; %SA: 8988
   9985           ENDIF;
   9986         M5 0.26 0 H3*SC 0 0 0 0.09; %M5: 7175
   9987         IF (MISALIGN=1);
   9988           TA -0.0118 -0.0081; %TA: 8997
   9989           RA -0.0001; %RA: 9038
   9990           SA -0.000028 -0.000003; %SA: 8988
   9991           ENDIF;
   9992         DL 0.279901; %DL: 6515
   9993         IF (MISALIGN=1);
   9994           TA -0.0076 -0.0143; %TA: 8997
   9995           RA 0.0057; %RA: 9038
   9996           SA 0.000045 -0.000034; %SA: 8988
   9997           ENDIF;
   9998         M5 0.26 0 0 O1*SC 0 0 0.09; %M5: 7175
   9999         IF (MISALIGN=1);
  10000           TA 0.0076 0.0143; %TA: 8997
  10001           RA -0.0057; %RA: 9038
  10002           SA -0.000045 0.000034; %SA: 8988
  10003           ENDIF;
  10004         DL 1.750011; %DL: 6515
  10005         PS 0.005; %PS: 6527
  10006         WRITE 18 '***FP2***';
  10007         WRITE 18 'Image size FP2 X =' RAY(1);
  10008         WRITE 18 'Image size FP2 Y =' RAY(3);
  10009         ELSEIF 1=1;
  10010         ENDIF;
  10011       IF (TESTFP3=1);
  10012         DL    0.87212; %DL: 6515
  10013         IF (MISALIGN=1);
  10014           TA 0.0181 0.0197; %TA: 8997
  10015           RA 0.0014; %RA: 9038
  10016           SA -0.000046 0.000022; %SA: 8988
  10017           ENDIF;
  10018         M5 0.25 Q8*SC 0 -0.0001*(Q8/-0.14822)*SC 0 0 0.05; %M5: 7175
  10019         IF (MISALIGN=1);
  10020           TA -0.0181 -0.0197; %TA: 8997
  10021           RA -0.0014; %RA: 9038
  10022           SA 0.000046 -0.000022; %SA: 8988
  10023           ENDIF;
  10024         DL 0.394857; %DL: 6515
  10025         IF (MISALIGN=1);
  10026           TA -0.0014 -0.0090; %TA: 8997
  10027           RA 0.0102; %RA: 9038
  10028           SA 0.000037 0.00005; %SA: 8988
  10029           ENDIF;
  10030         M5 0.30 Q9*SC 0 0.00015*(Q9/0.23438)*SC 0 0 0.07; %M5: 7175
  10031         IF (MISALIGN=1);
  10032           TA 0.014 0.0090; %TA: 8997
  10033           RA -0.0102; %RA: 9038
  10034           SA -0.000037 -0.00005; %SA: 8988
  10035           ENDIF;
  10036         DL 0.360023; %DL: 6515
  10037         MC 1.25 42.5 0.036 B1N B5S1 B5S2 7; %MC: 7762
  10038         DL 0.35; %DL: 6515
  10039         MC 1.25 42.5 0.036 B1N B6S1 B6S2 7; %MC: 7762
  10040         DL 0.829984 ; %DL: 6515
  10041         WRITE 18 '***VD1688***';
  10042         WRITE 18 'Image size X =' RAY(1);
  10043         WRITE 18 'Image size Y =' RAY(3);
  10044         IF (MISALIGN=1);
  10045           TA -0.0099 -0.0006; %TA: 8997
  10046           RA 0.0023; %RA: 9038
  10047           SA -0.000026 0.000011; %SA: 8988
  10048           ENDIF;
  10049         M5 0.26 Q10*SC 0 0.00005*(Q10/(-0.03367))*SC 0 0 0.09; %M5: 71
                  75
  10050         IF (MISALIGN=1);
  10051           TA 0.0099 0.0006; %TA: 8997
  10052           RA -0.0023; %RA: 9038
  10053           SA 0.000026 -0.000011; %SA: 8988
  10054           ENDIF;
  10055         DL 0.650224; %DL: 6515
  10056         IF (MISALIGN=1);
  10057           TA 0.0184 0.0197; %TA: 8997
  10058           RA -0.0023; %RA: 9038
  10059           SA -0.000023 0.000011; %SA: 8988
  10060           ENDIF;
  10061         M5 0.34 Q11*SC 0 0.000125*(Q11/0.16158)*SC 0 0 0.12; %M5: 7175

  10062         IF (MISALIGN=1);
  10063           TA -0.0184 -0.0197; %TA: 8997
  10064           RA 0.0023; %RA: 9038
  10065           SA 0.000023 -0.000011; %SA: 8988
  10066           ENDIF;
  10067         DL 0.99972 ; %DL: 6515
  10068         FC 1 1 1 -0.16 1.603 -0.0105 0.015 -0.0226 0.0038; %FC:  674
  10069         FC 1 2 1 -0.16 1.603 -0.0105 0.015 -0.0226 0.0038; %FC:  674
  10070         FC 1 1 2  -0.124 1.98 0.186 -0.069 0.01 0.053; %FC:  674
  10071         FC 1 1 2  -0.124 1.98 0.186 -0.069 0.01 0.053; %FC:  674
  10072         IF (WF2ON=1);
  10073           CB; %CB: 6982
  10074           WC WF2R WF2R 2.365  0.11 NE2 NM1 4 ; %WC: 8510
  10075           CB; %CB: 6982
  10076           ELSEIF 1=1;
  10077           DL 2.365; %DL: 6515
  10078           ENDIF;
  10079         FD; %FD:  864
  10080         FR 3; %FR: 5390
  10081         DL 4.60; %DL: 6515
  10082         PS 0.035; %PS: 6527
  10083         WRITE 18 '***FP3-1***';
  10084         WRITE 18 'Image size X =' RAY(1);
  10085         WRITE 18 'Image size Y =' RAY(3);
  10086         ELSEIF 1=1;
  10087         ENDIF;
  10088       IF (TESTDSSD=1);
  10089         DL 0.25115; %DL: 6515
  10090         MQ 0.2977 Q12*SC 0.07; %MQ: 7032
  10091         DL 0.35075; %DL: 6515
  10092         MQ 0.3008 Q13*SC 0.05; %MQ: 7032
  10093         DL 0.6596/2; %DL: 6515
  10094         WRITE 18 '***FP3-2***';
  10095         WRITE 18 'Image size X =' RAY(1);
  10096         WRITE 18 'Image size Y =' RAY(3);
  10097         DL 0.6596/2; %DL: 6515
  10098         MC 1.25 55. 0.03 B1N B7S1 B7S2 4; %MC: 7762
  10099         DL 0.68; %DL: 6515
  10100         MC 1.25 55. 0.03 B1N B8S1 B8S2 4; %MC: 7762
  10101         DL 0.86025; %DL: 6515
  10102         MQ 0.2995 Q14*SC*1.00 0.05; %MQ: 7032
  10103         DL 0.44965; %DL: 6515
  10104         MQ 0.3012 Q15*SC*1.00 0.05; %MQ: 7032
  10105         DL 0.7112; %DL: 6515
  10106         WRITE 18 '***UMCP***';
  10107         WRITE 18 'Image size X =' RAY(1);
  10108         WRITE 18 'Image size Y =' RAY(3);
  10109         PS (0.075/1.41)/2; %PS: 6527
  10110         DL 1.3945; %DL: 6515
  10111         WRITE 18 '***DMCP***';
  10112         WRITE 18 'Image size X =' RAY(1);
  10113         WRITE 18 'Image size Y =' RAY(3);
  10114         DL 2.8194-0.7112-1.3945; %DL: 6515
  10115         PS 0.035; %PS: 6527
  10116         WRITE 18 '***FP4***';
  10117         WRITE 18 'Image size X =' RAY(1);
  10118         WRITE 18 'Image size Y =' RAY(3);
  10119         DL 3.1496-2.8194; %DL: 6515
  10120         PS (0.064)/2; %PS: 6527
  10121         WRITE 18 '***DSSD***';
  10122         WRITE 18 'Image size DSSD X =' RAY(1);
  10123         WRITE 18 'Image size DSSD Y =' RAY(3);
  10124         MRESOL_P1 := ABS(ME(1,7))/(2*XX*ME(1,1)); %ME:  461 %ME:  461
  10125         ELSEIF 1=1;
  10126         ENDIF;
  10127       CLOSEF 18;
  10128       ENDPROCEDURE;
  10129     OV 4 3 2 ; %OV:  914
  10130     WSET 1.5E-3; %WSET:  642
  10131     SETEFB; %SETEFB: 9727
  10132     XX:=0.00075;
  10133     AX:=0.010;
  10134     YY:=0.00075;
  10135     AY:=0.010;
  10136     DE:= 0.000;
  10137     NMAX:=190;
  10138     WF1R:=7.0;
  10139     WF2R:=7.0;
  10140     WF2ON:=1;
  10141     WF1ON:=1;
  10142     MISALIGN:=1;
  10143     MAPINDEX := 50;
  10144     Q1:=-0.39773;
  10145     Q1H:=0.004679;
  10146     Q2:=0.219352;
  10147     H1:=0.0103065;
  10148     Q3:=0.242872;
  10149     Q4:=-0.24756;
  10150     Q5:=0.112391;
  10151     H2:=0.010507;
  10152     Q6:=0.181632;
  10153     Q7:=-0.030022;
  10154     H3:=-0.0083745;
  10155     O1:=0.031283;
  10156     Q8:=-0.14822;
  10157     Q9:=0.234380;
  10158     Q10:=-0.03367;
  10159     Q11:=0.161580;
  10160     Q12:=-0.182;
  10161     Q13:=0.1910;
  10162     Q14:=0.12900;
  10163     Q15:=-0.1380;
  10164     RP 206 66*PARA(1) 21*PARA(2) ; %RP: 6282 %PARA:  989 %PARA:  989
  10165     CANONICAL_RIGIDITY:=CONS(CHIM);
  10166     RP 25.105 20*PARA(1) 8*PARA(2) ; %RP: 6282 %PARA:  989 %PARA:  989

  10167     SC:=CONS(CHIM)/CANONICAL_RIGIDITY;
  10168     UM; %UM: 1433
  10169     CR                  ; %CR:  892
  10170     UM; %UM: 1433
  10171     SR SRXX SRAX SRYY SRAY 0 SRDE 0 0 1; %SR: 2027
  10172     TESTFP1:=1;
  10173     TESTFP2:=1;
  10174     TESTFP3:=0;
  10175     TESTDSSD:=0;
  10176     BP; %BP: 2714
  10177     RECOIL_BL; %RECOIL_BL: 9810
  10178     EP; %EP: 2773
  10179     ENDPROCEDURE ;
  10180   RUN ; %RUN: 9647
