 --- BIN FILE READ: /Users/ruchigarg/Desktop/Codes/COSY/cosy
   9646 INCLUDE '/Users/ruchigarg/Desktop/Codes/COSY/cosy';
   9647   PROCEDURE RUN ;
   9648     VARIABLE B1N 1 7;
   9649     VARIABLE B1S1 1 7;
   9650     VARIABLE B1S2 1 7;
   9651     VARIABLE B2S1 1 7;
   9652     VARIABLE B2S2 1 7;
   9653     VARIABLE B3S1 1 7;
   9654     VARIABLE B3S2 1 7;
   9655     VARIABLE B4S1 1 7;
   9656     VARIABLE B4S2 1 7;
   9657     VARIABLE B5S1 1 7;
   9658     VARIABLE B5S2 1 7;
   9659     VARIABLE B6S1 1 7;
   9660     VARIABLE B6S2 1 7;
   9661     VARIABLE B7S1 1 7;
   9662     VARIABLE B7S2 1 7;
   9663     VARIABLE B8S1 1 7;
   9664     VARIABLE B8S2 1 7;
   9665     VARIABLE NE1 1 4;
   9666     VARIABLE NM1 1 4;
   9667     VARIABLE WV 1;
   9668     VARIABLE WW 1 2;
   9669     VARIABLE CENTER 1;
   9670     VARIABLE NMAX 1;
   9671     VARIABLE XX 1;
   9672     VARIABLE AX 1;
   9673     VARIABLE YY 1;
   9674     VARIABLE AY 1;
   9675     VARIABLE DE 1;
   9676     VARIABLE MAPINDEX 1;
   9677     VARIABLE SRXX 1;
   9678     VARIABLE SRAX 1;
   9679     VARIABLE SRYY 1;
   9680     VARIABLE SRAY 1;
   9681     VARIABLE SRDE 1;
   9682     VARIABLE MRESOL_P1 1;
   9683     VARIABLE MRESOL_P3 1;
   9684     VARIABLE NX 1;
   9685     VARIABLE NA 1;
   9686     VARIABLE NY 1;
   9687     VARIABLE NB 1;
   9688     VARIABLE NE 1;
   9689     VARIABLE NE2 1 4;
   9690     VARIABLE N1 1;
   9691     VARIABLE N2 1;
   9692     VARIABLE N3 1;
   9693     VARIABLE N4 1;
   9694     VARIABLE N5 1;
   9695     VARIABLE READPARA 1;
   9696     VARIABLE CANONICAL_RIGIDITY 1;
   9697     VARIABLE SC 1;
   9698     VARIABLE MISALIGN 1;
   9699     VARIABLE WF1R 1;
   9700     VARIABLE WF2R 1;
   9701     VARIABLE WF1ON 1;
   9702     VARIABLE WF2ON 1;
   9703     VARIABLE Q1  1;
   9704     VARIABLE Q1H 1;
   9705     VARIABLE Q2  1;
   9706     VARIABLE H1  1;
   9707     VARIABLE Q3  1;
   9708     VARIABLE Q4  1;
   9709     VARIABLE Q5  1;
   9710     VARIABLE H2  1;
   9711     VARIABLE Q6  1;
   9712     VARIABLE Q7  1;
   9713     VARIABLE H3  1;
   9714     VARIABLE O1  1;
   9715     VARIABLE Q8  1;
   9716     VARIABLE Q9  1;
   9717     VARIABLE Q10 1;
   9718     VARIABLE Q11 1;
   9719     VARIABLE Q12 1;
   9720     VARIABLE Q13 1;
   9721     VARIABLE Q14 1;
   9722     VARIABLE Q15 1;
   9723     VARIABLE TESTFP1 1;
   9724     VARIABLE TESTFP2 1;
   9725     VARIABLE TESTFP3 1;
   9726     VARIABLE TESTDSSD 1;
   9727     PROCEDURE SETEFB;
   9728       NE1(1) := 0;
   9729       NE1(2) := -0.01;
   9730       NE1(3) := 0;
   9731       NE1(4) := 11.;
   9732       NE2(1) := 0.0019;
   9733       NE2(2) := -0.04;
   9734       NE2(3) := 0;
   9735       NE2(4) := 11 ;
   9736       NM1(1) := 0;
   9737       NM1(2) := 0.033;
   9738       NM1(3) := 0;
   9739       NM1(4) := -3.8;
   9740       B1S1(1):=0.189;
   9741       B1S1(2):=0.0115;
   9742       B1S1(3):=0.2438;
   9743       B1S1(4):=0.9504;
   9744       B1S2(1):=0.1504;
   9745       B1S2(2):=-0.0278;
   9746       B1S2(3):=0.1095;
   9747       B1S2(4):=0.8070;
   9748       B2S1(1):=0.115;
   9749       B2S1(2):=0.0083;
   9750       B2S1(3):=0.180;
   9751       B2S1(4):=-40.15;
   9752       B2S2(1):=0.115;
   9753       B2S2(2):=-0.2499;
   9754       B2S2(3):=1.430;
   9755       B2S2(4):=38.34;
   9756       B3S1(1):=0.190;
   9757       B3S1(2):=1.0541;
   9758       B3S1(3):=-9.475;
   9759       B3S1(4):=5.54;
   9760       B3S2(1):=0.115;
   9761       B3S2(2):=-0.0499;
   9762       B3S2(3):=34.09;
   9763       B3S2(4):=52.87;
   9764       B4S1(1):=0.191;
   9765       B4S1(2):=-0.3390;
   9766       B4S1(3):=-5.464;
   9767       B4S1(4):=0.70;
   9768       B4S2(1):=0.190;
   9769       B4S2(2):=-0.0287;
   9770       B4S2(3):=-0.332;
   9771       B4S2(4):=0.08;
   9772       B5S1(1):=0.189;
   9773       B5S1(2):=0.712;
   9774       B5S1(3):=-0.825;
   9775       B5S1(4):=-53.36;
   9776       B5S2(1):=-0.180;
   9777       B5S2(2):=-5.549;
   9778       B5S2(3):=3.288;
   9779       B5S2(4):=28.82;
   9780       B6S1(1):=0.198;
   9781       B6S1(2):=0.023;
   9782       B6S1(3):=-0.227;
   9783       B6S1(4):=1.02;
   9784       B6S2(1):=0.203;
   9785       B6S2(2):=-4.13;
   9786       B6S2(3):=67.40;
   9787       B6S2(4):=52.95;
   9788       B7S1(1):=0;
   9789       B7S1(2):=0.0115;
   9790       B7S1(3):=0.066;
   9791       B7S1(4):=3.44;
   9792       B7S2(1):=0;
   9793       B7S2(2):=0.0228;
   9794       B7S2(3):=0.036;
   9795       B7S2(4):=-1.02;
   9796       B8S1(1):=0;
   9797       B8S1(2):=0.0115;
   9798       B8S1(3):=0.066;
   9799       B8S1(4):=3.44;
   9800       B8S2(1):=0;
   9801       B8S2(2):=0.0228;
   9802       B8S2(3):=0.036;
   9803       B8S2(4):=-1.02;
   9804       ENDPROCEDURE;
   9805     PROCEDURE WMI;
   9806       WM MAPINDEX; %WM: 1538
   9807       MAPINDEX := MAPINDEX + 1;
   9808       UM; %UM: 1433
   9809       ENDPROCEDURE;
   9810     PROCEDURE RECOIL_BL;
   9811       IF (TESTFP1=1);
   9812         FR 3; %FR: 5390
   9813         DL 0.351643/2; %DL: 6515
   9814         IF (MISALIGN=1);
   9815           TA 0.0168 0.0040; %TA: 8997
   9816           RA 0.0054; %RA: 9038
   9817           SA -0.000047 -0.000002; %SA: 8988
   9818           ENDIF;
   9819         M5 0.3467 Q4*SC 0 0 0 0 0.08; %M5: 7175
   9820         IF (MISALIGN=1);
   9821           TA -0.0168 -0.0040; %TA: 8997
   9822           RA -0.0054; %RA: 9038
   9823           SA 0.000047 0.000002; %SA: 8988
   9824           ENDIF;
   9825         DL 0.213339/2; %DL: 6515
   9826         WMI; %WMI: 9805
   9827         PS 0.01; %PS: 6527
   9828         WRITE 18 '***FP1***';
   9829         WRITE 18 'Image size FP1 X =' RAY(1);
   9830         WRITE 18 'Image size FP1 Y =' RAY(3);
   9831         ELSEIF 1=1;
   9832         ENDIF;
   9833       IF (TESTFP2=1);
   9834         DL 0.185 ; %DL: 6515
   9835         DL 0.16965 ; %DL: 6515
   9836         MC 1.25 22.5321 0.05 B1N B3S1 B3S2 7; %MC: 7762
   9837         DL 0.50685; %DL: 6515
   9838         MC 1.25 22.5807 0.05 B1N B4S1 B4S2 7; %MC: 7762
   9839         DL 0.299023 ; %DL: 6515
   9840         IF (MISALIGN=1);
   9841           TA -0.0198 -0.0103; %TA: 8997
   9842           RA -0.0121; %RA: 9038
   9843           SA -0.000028 -0.000023; %SA: 8988
   9844           ENDIF;
   9845         M5 0.26 0 H2*SC 0 0 0 0.12; %M5: 7175
   9846         IF (MISALIGN=1);
   9847           TA 0.0198 0.0103; %TA: 8997
   9848           RA 0.0121; %RA: 9038
   9849           SA 0.000028 0.000023; %SA: 8988
   9850           ENDIF;
   9851         DL 0.270097; %DL: 6515
   9852         DL 0.270107; %DL: 6515
   9853         IF (MISALIGN=1);
   9854           TA 0.0068 -0.0021; %TA: 8997
   9855           RA 0.0016; %RA: 9038
   9856           SA -0.000035 0.000012; %SA: 8988
   9857           ENDIF;
   9858         MQ 0.3398 Q6*SC 0.14; %MQ: 7032
   9859         IF (MISALIGN=1);
   9860           TA -0.0068 0.0021; %TA: 8997
   9861           RA -0.0016; %RA: 9038
   9862           SA 0.000035 -0.000012; %SA: 8988
   9863           ENDIF;
   9864         DL 0.200109 ; %DL: 6515
   9865         IF (MISALIGN=1);
   9866           TA 0.0013 0.0096; %TA: 8997
   9867           RA 0.0039; %RA: 9038
   9868           SA -0.000028 0.00005; %SA: 8988
   9869           ENDIF;
   9870         MQ 0.3401 Q7*SC 0.13 ; %MQ: 7032
   9871         IF (MISALIGN=1);
   9872           TA -0.0013 -0.0096; %TA: 8997
   9873           RA -0.0039; %RA: 9038
   9874           SA 0.000028 -0.00005; %SA: 8988
   9875           ENDIF;
   9876         DL 0.499884 ; %DL: 6515
   9877         FC 1 1 1 -0.16 1.603 -0.0105 0.015 -0.0226 0.0038; %FC:  674
   9878         FC 1 2 1 -0.16 1.603 -0.0105 0.015 -0.0226 0.0038; %FC:  674
   9879         FC 1 1 2 -0.167 1.874 0.246 -0.052 0.0142 0.066; %FC:  674
   9880         FC 1 2 2 -0.167 1.874 0.246 -0.052 0.0142 0.066; %FC:  674
   9881         IF (WF1ON=1);
   9882           CB; %CB: 6982
   9883           WC WF1R WF1R 2.365 0.11 NE1 NM1 4 ; %WC: 8510
   9884           CB; %CB: 6982
   9885           ELSEIF 1=1;
   9886           DL 2.365; %DL: 6515
   9887           ENDIF;
   9888         FD; %FD:  864
   9889         FR 3; %FR: 5390
   9890         DL 0.500088; %DL: 6515
   9891         IF (MISALIGN=1);
   9892           TA 0.0118 0.0081; %TA: 8997
   9893           RA 0.0001; %RA: 9038
   9894           SA 0.000028 0.000003; %SA: 8988
   9895           ENDIF;
   9896         M5 0.26 0 H3*SC 0 0 0 0.09; %M5: 7175
   9897         IF (MISALIGN=1);
   9898           TA -0.0118 -0.0081; %TA: 8997
   9899           RA -0.0001; %RA: 9038
   9900           SA -0.000028 -0.000003; %SA: 8988
   9901           ENDIF;
   9902         DL 0.279901; %DL: 6515
   9903         IF (MISALIGN=1);
   9904           TA -0.0076 -0.0143; %TA: 8997
   9905           RA 0.0057; %RA: 9038
   9906           SA 0.000045 -0.000034; %SA: 8988
   9907           ENDIF;
   9908         M5 0.26 0 0 O1*SC 0 0 0.09; %M5: 7175
   9909         IF (MISALIGN=1);
   9910           TA 0.0076 0.0143; %TA: 8997
   9911           RA -0.0057; %RA: 9038
   9912           SA -0.000045 0.000034; %SA: 8988
   9913           ENDIF;
   9914         DL 1.750011; %DL: 6515
   9915         PS 0.005; %PS: 6527
   9916         WRITE 18 '***FP2***';
   9917         WRITE 18 'Image size FP2 X =' RAY(1);
   9918         WRITE 18 'Image size FP2 Y =' RAY(3);
   9919         ELSEIF 1=1;
   9920         ENDIF;
   9921       IF (TESTFP3=1);
   9922         DL    0.87212; %DL: 6515
   9923         IF (MISALIGN=1);
   9924           TA 0.0181 0.0197; %TA: 8997
   9925           RA 0.0014; %RA: 9038
   9926           SA -0.000046 0.000022; %SA: 8988
   9927           ENDIF;
   9928         M5 0.25 Q8*SC 0 -0.0001*(Q8/-0.14822)*SC 0 0 0.05; %M5: 7175
   9929         IF (MISALIGN=1);
   9930           TA -0.0181 -0.0197; %TA: 8997
   9931           RA -0.0014; %RA: 9038
   9932           SA 0.000046 -0.000022; %SA: 8988
   9933           ENDIF;
   9934         DL 0.394857; %DL: 6515
   9935         IF (MISALIGN=1);
   9936           TA -0.0014 -0.0090; %TA: 8997
   9937           RA 0.0102; %RA: 9038
   9938           SA 0.000037 0.00005; %SA: 8988
   9939           ENDIF;
   9940         M5 0.30 Q9*SC 0 0.00015*(Q9/0.23438)*SC 0 0 0.07; %M5: 7175
   9941         IF (MISALIGN=1);
   9942           TA 0.014 0.0090; %TA: 8997
   9943           RA -0.0102; %RA: 9038
   9944           SA -0.000037 -0.00005; %SA: 8988
   9945           ENDIF;
   9946         DL 0.360023; %DL: 6515
   9947         MC 1.25 42.5 0.036 B1N B5S1 B5S2 7; %MC: 7762
   9948         DL 0.35; %DL: 6515
   9949         MC 1.25 42.5 0.036 B1N B6S1 B6S2 7; %MC: 7762
   9950         DL 0.829984 ; %DL: 6515
   9951         WRITE 18 '***VD1688***';
   9952         WRITE 18 'Image size X =' RAY(1);
   9953         WRITE 18 'Image size Y =' RAY(3);
   9954         IF (MISALIGN=1);
   9955           TA -0.0099 -0.0006; %TA: 8997
   9956           RA 0.0023; %RA: 9038
   9957           SA -0.000026 0.000011; %SA: 8988
   9958           ENDIF;
   9959         M5 0.26 Q10*SC 0 0.00005*(Q10/(-0.03367))*SC 0 0 0.09; %M5: 71
                  75
   9960         IF (MISALIGN=1);
   9961           TA 0.0099 0.0006; %TA: 8997
   9962           RA -0.0023; %RA: 9038
   9963           SA 0.000026 -0.000011; %SA: 8988
   9964           ENDIF;
   9965         DL 0.650224; %DL: 6515
   9966         IF (MISALIGN=1);
   9967           TA 0.0184 0.0197; %TA: 8997
   9968           RA -0.0023; %RA: 9038
   9969           SA -0.000023 0.000011; %SA: 8988
   9970           ENDIF;
   9971         M5 0.34 Q11*SC 0 0.000125*(Q11/0.16158)*SC 0 0 0.12; %M5: 7175

   9972         IF (MISALIGN=1);
   9973           TA -0.0184 -0.0197; %TA: 8997
   9974           RA 0.0023; %RA: 9038
   9975           SA 0.000023 -0.000011; %SA: 8988
   9976           ENDIF;
   9977         DL 0.99972 ; %DL: 6515
   9978         FC 1 1 1 -0.16 1.603 -0.0105 0.015 -0.0226 0.0038; %FC:  674
   9979         FC 1 2 1 -0.16 1.603 -0.0105 0.015 -0.0226 0.0038; %FC:  674
   9980         FC 1 1 2  -0.124 1.98 0.186 -0.069 0.01 0.053; %FC:  674
   9981         FC 1 1 2  -0.124 1.98 0.186 -0.069 0.01 0.053; %FC:  674
   9982         IF (WF2ON=1);
   9983           CB; %CB: 6982
   9984           WC WF2R WF2R 2.365  0.11 NE2 NM1 4 ; %WC: 8510
   9985           CB; %CB: 6982
   9986           ELSEIF 1=1;
   9987           DL 2.365; %DL: 6515
   9988           ENDIF;
   9989         FD; %FD:  864
   9990         FR 3; %FR: 5390
   9991         DL 4.60; %DL: 6515
   9992         PS 0.035; %PS: 6527
   9993         WRITE 18 '***FP3-1***';
   9994         WRITE 18 'Image size X =' RAY(1);
   9995         WRITE 18 'Image size Y =' RAY(3);
   9996         ELSEIF 1=1;
   9997         ENDIF;
   9998       IF (TESTDSSD=1);
   9999         DL 0.25115; %DL: 6515
  10000         MQ 0.2977 Q12*SC 0.07; %MQ: 7032
  10001         DL 0.35075; %DL: 6515
  10002         MQ 0.3008 Q13*SC 0.05; %MQ: 7032
  10003         DL 0.6596/2; %DL: 6515
  10004         WRITE 18 '***FP3-2***';
  10005         WRITE 18 'Image size X =' RAY(1);
  10006         WRITE 18 'Image size Y =' RAY(3);
  10007         DL 0.6596/2; %DL: 6515
  10008         MC 1.25 55. 0.03 B1N B7S1 B7S2 4; %MC: 7762
  10009         DL 0.68; %DL: 6515
  10010         MC 1.25 55. 0.03 B1N B8S1 B8S2 4; %MC: 7762
  10011         DL 0.86025; %DL: 6515
  10012         MQ 0.2995 Q14*SC*1.00 0.05; %MQ: 7032
  10013         DL 0.44965; %DL: 6515
  10014         MQ 0.3012 Q15*SC*1.00 0.05; %MQ: 7032
  10015         DL 0.7112; %DL: 6515
  10016         WRITE 18 '***UMCP***';
  10017         WRITE 18 'Image size X =' RAY(1);
  10018         WRITE 18 'Image size Y =' RAY(3);
  10019         PS (0.075/1.41)/2; %PS: 6527
  10020         DL 1.3945; %DL: 6515
  10021         WRITE 18 '***DMCP***';
  10022         WRITE 18 'Image size X =' RAY(1);
  10023         WRITE 18 'Image size Y =' RAY(3);
  10024         DL 2.8194-0.7112-1.3945; %DL: 6515
  10025         PS 0.035; %PS: 6527
  10026         WRITE 18 '***FP4***';
  10027         WRITE 18 'Image size X =' RAY(1);
  10028         WRITE 18 'Image size Y =' RAY(3);
  10029         DL 3.1496-2.8194; %DL: 6515
  10030         PS (0.064)/2; %PS: 6527
  10031         WRITE 18 '***DSSD***';
  10032         WRITE 18 'Image size DSSD X =' RAY(1);
  10033         WRITE 18 'Image size DSSD Y =' RAY(3);
  10034         MRESOL_P1 := ABS(ME(1,7))/(2*XX*ME(1,1)); %ME:  461 %ME:  461
  10035         ELSEIF 1=1;
  10036         ENDIF;
  10037       CLOSEF 18;
  10038       ENDPROCEDURE;
  10039     OV 4 3 2 ; %OV:  914
  10040     WSET 1.5E-3; %WSET:  642
  10041     SETEFB; %SETEFB: 9727
  10042     XX:=0.00075;
  10043     AX:=0.010;
  10044     YY:=0.00075;
  10045     AY:=0.010;
  10046     DE:= 0.000;
  10047     NMAX:=190;
  10048     WF1R:=7.0;
  10049     WF2R:=7.0;
  10050     WF2ON:=1;
  10051     WF1ON:=1;
  10052     MISALIGN:=1;
  10053     MAPINDEX := 50;
  10054     Q1:=-0.39773;
  10055     Q1H:=0.004679;
  10056     Q2:=0.219352;
  10057     H1:=0.0103065;
  10058     Q3:=0.242872;
  10059     Q4:=-0.24756;
  10060     Q5:=0.112391;
  10061     H2:=0.010507;
  10062     Q6:=0.181632;
  10063     Q7:=-0.030022;
  10064     H3:=-0.0083745;
  10065     O1:=0.031283;
  10066     Q8:=-0.14822;
  10067     Q9:=0.234380;
  10068     Q10:=-0.03367;
  10069     Q11:=0.161580;
  10070     Q12:=-0.182;
  10071     Q13:=0.1910;
  10072     Q14:=0.12900;
  10073     Q15:=-0.1380;
  10074     RP 206 66*PARA(1) 21*PARA(2) ; %RP: 6282 %PARA:  989 %PARA:  989
  10075     CANONICAL_RIGIDITY:=CONS(CHIM);
  10076     RP 25.105 20*PARA(1) 8*PARA(2) ; %RP: 6282 %PARA:  989 %PARA:  989

  10077     SC:=CONS(CHIM)/CANONICAL_RIGIDITY;
  10078     UM; %UM: 1433
  10079     CR                  ; %CR:  892
  10080     UM; %UM: 1433
  10081     SR SRXX SRAX SRYY SRAY 0 SRDE 0 0 1; %SR: 2027
  10082     TESTFP1:=1;
  10083     TESTFP2:=0;
  10084     TESTFP3:=0;
  10085     TESTDSSD:=0;
  10086     BP; %BP: 2714
  10087     RECOIL_BL; %RECOIL_BL: 9810
  10088     EP; %EP: 2773
  10089     ENDPROCEDURE ;
  10090   RUN ; %RUN: 9647
